2017-04-03 21:10:42 14460 [Note] Plugin 'FEDERATED' is disabled.
2017-04-03 21:10:42 14460 [Note] InnoDB: The InnoDB memory heap is disabled
2017-04-03 21:10:42 14460 [Note] InnoDB: Mutexes and rw_locks use Windows interlocked functions
2017-04-03 21:10:42 14460 [Note] InnoDB: Compressed tables use zlib 1.2.3
2017-04-03 21:10:42 14460 [Note] InnoDB: Not using CPU crc32 instructions
2017-04-03 21:10:42 14460 [Note] InnoDB: Initializing buffer pool, size = 128.0M
2017-04-03 21:10:42 14460 [Note] InnoDB: Completed initialization of buffer pool
2017-04-03 21:10:42 14460 [Note] InnoDB: Setting log file D:\School\ST\Vaje\5\USBWebserver v8.6\mysql\data\ib_logfile101 size to 5 MB
2017-04-03 21:10:42 14460 [Note] InnoDB: Setting log file D:\School\ST\Vaje\5\USBWebserver v8.6\mysql\data\ib_logfile1 size to 5 MB
2017-04-03 21:10:42 14460 [Note] InnoDB: Renaming log file D:\School\ST\Vaje\5\USBWebserver v8.6\mysql\data\ib_logfile101 to D:\School\ST\Vaje\5\USBWebserver v8.6\mysql\data\ib_logfile0
2017-04-03 21:10:42 14460 [Warning] InnoDB: New log files created, LSN=1626134
2017-04-03 21:10:42 14460 [Note] InnoDB: Highest supported file format is Barracuda.
2017-04-03 21:10:42 14460 [Note] InnoDB: 128 rollback segment(s) are active.
2017-04-03 21:10:42 14460 [Note] InnoDB: Waiting for purge to start
2017-04-03 21:10:43 14460 [Note] InnoDB: 5.6.13 started; log sequence number 1626636
2017-04-03 21:10:43 14460 [Warning] No existing UUID has been found, so we assume that this is the first time that this server has been started. Generating a new UUID: 3bd1e804-18a1-11e7-b8cc-0a002700000e.
2017-04-03 21:10:43 14460 [Note] Server hostname (bind-address): '*'; port: 3307
2017-04-03 21:10:43 14460 [Note] IPv6 is available.
2017-04-03 21:10:43 14460 [Note]   - '::' resolves to '::';
2017-04-03 21:10:43 14460 [Note] Server socket created on IP: '::'.
2017-04-04 08:53:31 23184 [Note] Plugin 'FEDERATED' is disabled.
2017-04-04 08:53:31 23184 [Note] InnoDB: The InnoDB memory heap is disabled
2017-04-04 08:53:31 23184 [Note] InnoDB: Mutexes and rw_locks use Windows interlocked functions
2017-04-04 08:53:31 23184 [Note] InnoDB: Compressed tables use zlib 1.2.3
2017-04-04 08:53:31 23184 [Note] InnoDB: Not using CPU crc32 instructions
2017-04-04 08:53:31 23184 [Note] InnoDB: Initializing buffer pool, size = 128.0M
2017-04-04 08:53:31 23184 [Note] InnoDB: Completed initialization of buffer pool
2017-04-04 08:53:31 23184 [Note] InnoDB: Highest supported file format is Barracuda.
2017-04-04 08:53:31 23184 [Note] InnoDB: The log sequence numbers 1626134 and 1626134 in ibdata files do not match the log sequence number 1626646 in the ib_logfiles!
2017-04-04 08:53:31 23184 [Note] InnoDB: Database was not shutdown normally!
2017-04-04 08:53:31 23184 [Note] InnoDB: Starting crash recovery.
2017-04-04 08:53:31 23184 [Note] InnoDB: Reading tablespace information from the .ibd files...
2017-04-04 08:53:31 23184 [Note] InnoDB: Restoring possible half-written data pages 
2017-04-04 08:53:31 23184 [Note] InnoDB: from the doublewrite buffer...
2017-04-04 08:53:31 23184 [Note] InnoDB: 128 rollback segment(s) are active.
2017-04-04 08:53:31 23184 [Note] InnoDB: Waiting for purge to start
2017-04-04 08:53:31 23184 [Note] InnoDB: 5.6.13 started; log sequence number 1626646
2017-04-04 08:53:31 23184 [Note] Server hostname (bind-address): '*'; port: 3307
2017-04-04 08:53:31 23184 [Note] IPv6 is available.
2017-04-04 08:53:31 23184 [Note]   - '::' resolves to '::';
2017-04-04 08:53:31 23184 [Note] Server socket created on IP: '::'.
2017-04-11 08:36:36 168 [Note] Plugin 'FEDERATED' is disabled.
2017-04-11 08:36:36 168 [Note] InnoDB: The InnoDB memory heap is disabled
2017-04-11 08:36:36 168 [Note] InnoDB: Mutexes and rw_locks use Windows interlocked functions
2017-04-11 08:36:36 168 [Note] InnoDB: Compressed tables use zlib 1.2.3
2017-04-11 08:36:36 168 [Note] InnoDB: Not using CPU crc32 instructions
2017-04-11 08:36:36 168 [Note] InnoDB: Initializing buffer pool, size = 128.0M
2017-04-11 08:36:36 168 [Note] InnoDB: Completed initialization of buffer pool
2017-04-11 08:36:36 168 [Note] InnoDB: Highest supported file format is Barracuda.
2017-04-11 08:36:36 168 [Note] InnoDB: The log sequence numbers 1626134 and 1626134 in ibdata files do not match the log sequence number 1626656 in the ib_logfiles!
2017-04-11 08:36:36 168 [Note] InnoDB: Database was not shutdown normally!
2017-04-11 08:36:36 168 [Note] InnoDB: Starting crash recovery.
2017-04-11 08:36:36 168 [Note] InnoDB: Reading tablespace information from the .ibd files...
2017-04-11 08:36:36 168 [Note] InnoDB: Restoring possible half-written data pages 
2017-04-11 08:36:36 168 [Note] InnoDB: from the doublewrite buffer...
2017-04-11 08:36:36 168 [Note] InnoDB: 128 rollback segment(s) are active.
2017-04-11 08:36:36 168 [Note] InnoDB: Waiting for purge to start
2017-04-11 08:36:36 168 [Note] InnoDB: 5.6.13 started; log sequence number 1626656
2017-04-11 08:36:36 168 [Note] Server hostname (bind-address): '*'; port: 3307
2017-04-11 08:36:36 168 [Note] IPv6 is available.
2017-04-11 08:36:36 168 [Note]   - '::' resolves to '::';
2017-04-11 08:36:36 168 [Note] Server socket created on IP: '::'.
2017-04-11 09:17:39 4776 [Note] Plugin 'FEDERATED' is disabled.
2017-04-11 09:17:39 4776 [Note] InnoDB: The InnoDB memory heap is disabled
2017-04-11 09:17:39 4776 [Note] InnoDB: Mutexes and rw_locks use Windows interlocked functions
2017-04-11 09:17:39 4776 [Note] InnoDB: Compressed tables use zlib 1.2.3
2017-04-11 09:17:39 4776 [Note] InnoDB: Not using CPU crc32 instructions
2017-04-11 09:17:39 4776 [Note] InnoDB: Initializing buffer pool, size = 128.0M
2017-04-11 09:17:39 4776 [Note] InnoDB: Completed initialization of buffer pool
2017-04-11 09:17:39 4776 [Note] InnoDB: Highest supported file format is Barracuda.
2017-04-11 09:17:39 4776 [Note] InnoDB: The log sequence numbers 1626134 and 1626134 in ibdata files do not match the log sequence number 1798055 in the ib_logfiles!
2017-04-11 09:17:39 4776 [Note] InnoDB: Database was not shutdown normally!
2017-04-11 09:17:39 4776 [Note] InnoDB: Starting crash recovery.
2017-04-11 09:17:39 4776 [Note] InnoDB: Reading tablespace information from the .ibd files...
2017-04-11 09:17:39 4776 [Note] InnoDB: Restoring possible half-written data pages 
2017-04-11 09:17:39 4776 [Note] InnoDB: from the doublewrite buffer...
2017-04-11 09:17:40 4776 [Note] InnoDB: 128 rollback segment(s) are active.
2017-04-11 09:17:40 4776 [Note] InnoDB: Waiting for purge to start
2017-04-11 09:17:40 4776 [Note] InnoDB: 5.6.13 started; log sequence number 1798055
2017-04-11 09:17:40 4776 [Note] Server hostname (bind-address): '*'; port: 3307
2017-04-11 09:17:40 4776 [Note] IPv6 is available.
2017-04-11 09:17:40 4776 [Note]   - '::' resolves to '::';
2017-04-11 09:17:40 4776 [Note] Server socket created on IP: '::'.
2017-04-12 13:51:35 10572 [Note] Plugin 'FEDERATED' is disabled.
2017-04-12 13:51:35 10572 [Note] InnoDB: The InnoDB memory heap is disabled
2017-04-12 13:51:35 10572 [Note] InnoDB: Mutexes and rw_locks use Windows interlocked functions
2017-04-12 13:51:35 10572 [Note] InnoDB: Compressed tables use zlib 1.2.3
2017-04-12 13:51:35 10572 [Note] InnoDB: Not using CPU crc32 instructions
2017-04-12 13:51:35 10572 [Note] InnoDB: Initializing buffer pool, size = 128.0M
2017-04-12 13:51:35 10572 [Note] InnoDB: Completed initialization of buffer pool
2017-04-12 13:51:35 10572 [Note] InnoDB: Highest supported file format is Barracuda.
2017-04-12 13:51:35 10572 [Note] InnoDB: The log sequence numbers 1626134 and 1626134 in ibdata files do not match the log sequence number 1818806 in the ib_logfiles!
2017-04-12 13:51:35 10572 [Note] InnoDB: Database was not shutdown normally!
2017-04-12 13:51:35 10572 [Note] InnoDB: Starting crash recovery.
2017-04-12 13:51:35 10572 [Note] InnoDB: Reading tablespace information from the .ibd files...
2017-04-12 13:51:35 10572 [Note] InnoDB: Restoring possible half-written data pages 
2017-04-12 13:51:35 10572 [Note] InnoDB: from the doublewrite buffer...
2017-04-12 13:51:35 10572 [Note] InnoDB: 128 rollback segment(s) are active.
2017-04-12 13:51:35 10572 [Note] InnoDB: Waiting for purge to start
2017-04-12 13:51:36 10572 [Note] InnoDB: 5.6.13 started; log sequence number 1818806
2017-04-12 13:51:36 10572 [Note] Server hostname (bind-address): '*'; port: 3307
2017-04-12 13:51:36 10572 [Note] IPv6 is available.
2017-04-12 13:51:36 10572 [Note]   - '::' resolves to '::';
2017-04-12 13:51:36 10572 [Note] Server socket created on IP: '::'.
2017-04-12 16:01:41 10692 [Note] Plugin 'FEDERATED' is disabled.
2017-04-12 16:01:41 10692 [Note] InnoDB: The InnoDB memory heap is disabled
2017-04-12 16:01:41 10692 [Note] InnoDB: Mutexes and rw_locks use Windows interlocked functions
2017-04-12 16:01:41 10692 [Note] InnoDB: Compressed tables use zlib 1.2.3
2017-04-12 16:01:41 10692 [Note] InnoDB: Not using CPU crc32 instructions
2017-04-12 16:01:41 10692 [Note] InnoDB: Initializing buffer pool, size = 128.0M
2017-04-12 16:01:41 10692 [Note] InnoDB: Completed initialization of buffer pool
2017-04-12 16:01:41 10692 [Note] InnoDB: Highest supported file format is Barracuda.
2017-04-12 16:01:41 10692 [Note] InnoDB: The log sequence numbers 1626134 and 1626134 in ibdata files do not match the log sequence number 1818816 in the ib_logfiles!
2017-04-12 16:01:41 10692 [Note] InnoDB: Database was not shutdown normally!
2017-04-12 16:01:41 10692 [Note] InnoDB: Starting crash recovery.
2017-04-12 16:01:41 10692 [Note] InnoDB: Reading tablespace information from the .ibd files...
2017-04-12 16:01:41 10692 [Note] InnoDB: Restoring possible half-written data pages 
2017-04-12 16:01:41 10692 [Note] InnoDB: from the doublewrite buffer...
2017-04-12 16:01:41 10692 [Note] InnoDB: 128 rollback segment(s) are active.
2017-04-12 16:01:41 10692 [Note] InnoDB: Waiting for purge to start
2017-04-12 16:01:41 10692 [Note] InnoDB: 5.6.13 started; log sequence number 1818816
2017-04-12 16:01:41 10692 [Note] Server hostname (bind-address): '*'; port: 3307
2017-04-12 16:01:41 10692 [Note] IPv6 is available.
2017-04-12 16:01:41 10692 [Note]   - '::' resolves to '::';
2017-04-12 16:01:41 10692 [Note] Server socket created on IP: '::'.
2017-04-12 16:48:21 7096 [Note] Plugin 'FEDERATED' is disabled.
2017-04-12 16:48:21 7096 [Note] InnoDB: The InnoDB memory heap is disabled
2017-04-12 16:48:21 7096 [Note] InnoDB: Mutexes and rw_locks use Windows interlocked functions
2017-04-12 16:48:21 7096 [Note] InnoDB: Compressed tables use zlib 1.2.3
2017-04-12 16:48:21 7096 [Note] InnoDB: Not using CPU crc32 instructions
2017-04-12 16:48:21 7096 [Note] InnoDB: Initializing buffer pool, size = 128.0M
2017-04-12 16:48:21 7096 [Note] InnoDB: Completed initialization of buffer pool
2017-04-12 16:48:21 7096 [Note] InnoDB: Highest supported file format is Barracuda.
2017-04-12 16:48:21 7096 [Note] InnoDB: The log sequence numbers 1626134 and 1626134 in ibdata files do not match the log sequence number 1818826 in the ib_logfiles!
2017-04-12 16:48:21 7096 [Note] InnoDB: Database was not shutdown normally!
2017-04-12 16:48:21 7096 [Note] InnoDB: Starting crash recovery.
2017-04-12 16:48:21 7096 [Note] InnoDB: Reading tablespace information from the .ibd files...
2017-04-12 16:48:21 7096 [Note] InnoDB: Restoring possible half-written data pages 
2017-04-12 16:48:21 7096 [Note] InnoDB: from the doublewrite buffer...
2017-04-12 16:48:21 7096 [Note] InnoDB: 128 rollback segment(s) are active.
2017-04-12 16:48:21 7096 [Note] InnoDB: Waiting for purge to start
2017-04-12 16:48:21 7096 [Note] InnoDB: 5.6.13 started; log sequence number 1818826
2017-04-12 16:48:21 7096 [Note] Server hostname (bind-address): '*'; port: 3307
2017-04-12 16:48:21 7096 [Note] IPv6 is available.
2017-04-12 16:48:21 7096 [Note]   - '::' resolves to '::';
2017-04-12 16:48:21 7096 [Note] Server socket created on IP: '::'.
2017-04-18 08:56:06 12968 [Note] Plugin 'FEDERATED' is disabled.
2017-04-18 08:56:06 12968 [Note] InnoDB: The InnoDB memory heap is disabled
2017-04-18 08:56:06 12968 [Note] InnoDB: Mutexes and rw_locks use Windows interlocked functions
2017-04-18 08:56:06 12968 [Note] InnoDB: Compressed tables use zlib 1.2.3
2017-04-18 08:56:06 12968 [Note] InnoDB: Not using CPU crc32 instructions
2017-04-18 08:56:06 12968 [Note] InnoDB: Initializing buffer pool, size = 128.0M
2017-04-18 08:56:06 12968 [Note] InnoDB: Completed initialization of buffer pool
2017-04-18 08:56:06 12968 [Note] InnoDB: Highest supported file format is Barracuda.
2017-04-18 08:56:06 12968 [Note] InnoDB: The log sequence numbers 1626134 and 1626134 in ibdata files do not match the log sequence number 1818836 in the ib_logfiles!
2017-04-18 08:56:06 12968 [Note] InnoDB: Database was not shutdown normally!
2017-04-18 08:56:06 12968 [Note] InnoDB: Starting crash recovery.
2017-04-18 08:56:06 12968 [Note] InnoDB: Reading tablespace information from the .ibd files...
2017-04-18 08:56:07 12968 [Note] InnoDB: Restoring possible half-written data pages 
2017-04-18 08:56:07 12968 [Note] InnoDB: from the doublewrite buffer...
2017-04-18 08:56:08 12968 [Note] InnoDB: 128 rollback segment(s) are active.
2017-04-18 08:56:08 12968 [Note] InnoDB: Waiting for purge to start
2017-04-18 08:56:08 12968 [Note] InnoDB: 5.6.13 started; log sequence number 1818836
2017-04-18 08:56:08 12968 [Note] Server hostname (bind-address): '*'; port: 3307
2017-04-18 08:56:08 12968 [Note] IPv6 is available.
2017-04-18 08:56:08 12968 [Note]   - '::' resolves to '::';
2017-04-18 08:56:08 12968 [Note] Server socket created on IP: '::'.
2017-05-08 21:42:06 22436 [Note] Plugin 'FEDERATED' is disabled.
2017-05-08 21:42:06 22436 [Note] InnoDB: The InnoDB memory heap is disabled
2017-05-08 21:42:06 22436 [Note] InnoDB: Mutexes and rw_locks use Windows interlocked functions
2017-05-08 21:42:06 22436 [Note] InnoDB: Compressed tables use zlib 1.2.3
2017-05-08 21:42:06 22436 [Note] InnoDB: Not using CPU crc32 instructions
2017-05-08 21:42:06 22436 [Note] InnoDB: Initializing buffer pool, size = 128.0M
2017-05-08 21:42:06 22436 [Note] InnoDB: Completed initialization of buffer pool
2017-05-08 21:42:06 22436 [Note] InnoDB: Highest supported file format is Barracuda.
2017-05-08 21:42:06 22436 [Note] InnoDB: The log sequence numbers 1626134 and 1626134 in ibdata files do not match the log sequence number 1869656 in the ib_logfiles!
2017-05-08 21:42:06 22436 [Note] InnoDB: Database was not shutdown normally!
2017-05-08 21:42:06 22436 [Note] InnoDB: Starting crash recovery.
2017-05-08 21:42:06 22436 [Note] InnoDB: Reading tablespace information from the .ibd files...
2017-05-08 21:42:06 22436 [Note] InnoDB: Restoring possible half-written data pages 
2017-05-08 21:42:06 22436 [Note] InnoDB: from the doublewrite buffer...
2017-05-08 21:42:07 22436 [Note] InnoDB: 128 rollback segment(s) are active.
2017-05-08 21:42:07 22436 [Note] InnoDB: Waiting for purge to start
2017-05-08 21:42:07 22436 [Note] InnoDB: 5.6.13 started; log sequence number 1869656
2017-05-08 21:42:07 22436 [Note] Server hostname (bind-address): '*'; port: 3307
2017-05-08 21:42:07 22436 [Note] IPv6 is available.
2017-05-08 21:42:07 22436 [Note]   - '::' resolves to '::';
2017-05-08 21:42:07 22436 [Note] Server socket created on IP: '::'.
2017-05-08 22:00:27 19524 [Note] Plugin 'FEDERATED' is disabled.
2017-05-08 22:00:27 19524 [Note] InnoDB: The InnoDB memory heap is disabled
2017-05-08 22:00:27 19524 [Note] InnoDB: Mutexes and rw_locks use Windows interlocked functions
2017-05-08 22:00:27 19524 [Note] InnoDB: Compressed tables use zlib 1.2.3
2017-05-08 22:00:27 19524 [Note] InnoDB: Not using CPU crc32 instructions
2017-05-08 22:00:27 19524 [Note] InnoDB: Initializing buffer pool, size = 128.0M
2017-05-08 22:00:27 19524 [Note] InnoDB: Completed initialization of buffer pool
2017-05-08 22:00:27 19524 [Note] InnoDB: Highest supported file format is Barracuda.
2017-05-08 22:00:27 19524 [Note] InnoDB: The log sequence numbers 1626134 and 1626134 in ibdata files do not match the log sequence number 1901767 in the ib_logfiles!
2017-05-08 22:00:27 19524 [Note] InnoDB: Database was not shutdown normally!
2017-05-08 22:00:27 19524 [Note] InnoDB: Starting crash recovery.
2017-05-08 22:00:27 19524 [Note] InnoDB: Reading tablespace information from the .ibd files...
2017-05-08 22:00:27 19524 [Note] InnoDB: Restoring possible half-written data pages 
2017-05-08 22:00:27 19524 [Note] InnoDB: from the doublewrite buffer...
2017-05-08 22:00:27 19524 [Note] InnoDB: 128 rollback segment(s) are active.
2017-05-08 22:00:27 19524 [Note] InnoDB: Waiting for purge to start
2017-05-08 22:00:27 19524 [Note] InnoDB: 5.6.13 started; log sequence number 1901767
2017-05-08 22:00:27 19524 [Note] Server hostname (bind-address): '*'; port: 3307
2017-05-08 22:00:27 19524 [Note] IPv6 is available.
2017-05-08 22:00:27 19524 [Note]   - '::' resolves to '::';
2017-05-08 22:00:27 19524 [Note] Server socket created on IP: '::'.
2017-05-08 22:12:32 17600 [Note] Plugin 'FEDERATED' is disabled.
2017-05-08 22:12:32 17600 [Note] InnoDB: The InnoDB memory heap is disabled
2017-05-08 22:12:32 17600 [Note] InnoDB: Mutexes and rw_locks use Windows interlocked functions
2017-05-08 22:12:32 17600 [Note] InnoDB: Compressed tables use zlib 1.2.3
2017-05-08 22:12:32 17600 [Note] InnoDB: Not using CPU crc32 instructions
2017-05-08 22:12:32 17600 [Note] InnoDB: Initializing buffer pool, size = 128.0M
2017-05-08 22:12:32 17600 [Note] InnoDB: Completed initialization of buffer pool
2017-05-08 22:12:32 17600 [Note] InnoDB: Highest supported file format is Barracuda.
2017-05-08 22:12:32 17600 [Note] InnoDB: The log sequence numbers 1626134 and 1626134 in ibdata files do not match the log sequence number 1901777 in the ib_logfiles!
2017-05-08 22:12:32 17600 [Note] InnoDB: Database was not shutdown normally!
2017-05-08 22:12:32 17600 [Note] InnoDB: Starting crash recovery.
2017-05-08 22:12:32 17600 [Note] InnoDB: Reading tablespace information from the .ibd files...
2017-05-08 22:12:33 17600 [Note] InnoDB: Restoring possible half-written data pages 
2017-05-08 22:12:33 17600 [Note] InnoDB: from the doublewrite buffer...
2017-05-08 22:12:33 17600 [Note] InnoDB: 128 rollback segment(s) are active.
2017-05-08 22:12:33 17600 [Note] InnoDB: Waiting for purge to start
2017-05-08 22:12:33 17600 [Note] InnoDB: 5.6.13 started; log sequence number 1901777
2017-05-08 22:12:33 17600 [Note] Server hostname (bind-address): '*'; port: 3307
2017-05-08 22:12:33 17600 [Note] IPv6 is available.
2017-05-08 22:12:33 17600 [Note]   - '::' resolves to '::';
2017-05-08 22:12:33 17600 [Note] Server socket created on IP: '::'.
2017-05-08 22:41:31 14748 [Note] Plugin 'FEDERATED' is disabled.
2017-05-08 22:41:31 14748 [Note] InnoDB: The InnoDB memory heap is disabled
2017-05-08 22:41:31 14748 [Note] InnoDB: Mutexes and rw_locks use Windows interlocked functions
2017-05-08 22:41:31 14748 [Note] InnoDB: Compressed tables use zlib 1.2.3
2017-05-08 22:41:31 14748 [Note] InnoDB: Not using CPU crc32 instructions
2017-05-08 22:41:31 14748 [Note] InnoDB: Initializing buffer pool, size = 128.0M
2017-05-08 22:41:31 14748 [Note] InnoDB: Completed initialization of buffer pool
2017-05-08 22:41:31 14748 [Note] InnoDB: Highest supported file format is Barracuda.
2017-05-08 22:41:31 14748 [Note] InnoDB: The log sequence numbers 1626134 and 1626134 in ibdata files do not match the log sequence number 1901787 in the ib_logfiles!
2017-05-08 22:41:31 14748 [Note] InnoDB: Database was not shutdown normally!
2017-05-08 22:41:31 14748 [Note] InnoDB: Starting crash recovery.
2017-05-08 22:41:31 14748 [Note] InnoDB: Reading tablespace information from the .ibd files...
2017-05-08 22:41:31 14748 [Note] InnoDB: Restoring possible half-written data pages 
2017-05-08 22:41:31 14748 [Note] InnoDB: from the doublewrite buffer...
2017-05-08 22:41:32 14748 [Note] InnoDB: 128 rollback segment(s) are active.
2017-05-08 22:41:32 14748 [Note] InnoDB: Waiting for purge to start
2017-05-08 22:41:32 14748 [Note] InnoDB: 5.6.13 started; log sequence number 1901787
2017-05-08 22:41:32 14748 [Note] Server hostname (bind-address): '*'; port: 3307
2017-05-08 22:41:32 14748 [Note] IPv6 is available.
2017-05-08 22:41:32 14748 [Note]   - '::' resolves to '::';
2017-05-08 22:41:32 14748 [Note] Server socket created on IP: '::'.
2017-05-08 22:41:32 14748 [ERROR] Can't start server: Bind on TCP/IP port: No such file or directory
2017-05-08 22:41:32 14748 [ERROR] Do you already have another mysqld server running on port: 3307 ?
2017-05-08 22:41:32 14748 [ERROR] Aborting

2017-05-08 22:41:32 14748 [Note] Binlog end
2017-05-08 22:41:32 14748 [Note] Shutting down plugin 'partition'
2017-05-08 22:41:32 14748 [Note] Shutting down plugin 'PERFORMANCE_SCHEMA'
2017-05-08 22:41:32 14748 [Note] Shutting down plugin 'INNODB_SYS_DATAFILES'
2017-05-08 22:41:32 14748 [Note] Shutting down plugin 'INNODB_SYS_TABLESPACES'
2017-05-08 22:41:32 14748 [Note] Shutting down plugin 'INNODB_SYS_FOREIGN_COLS'
2017-05-08 22:41:32 14748 [Note] Shutting down plugin 'INNODB_SYS_FOREIGN'
2017-05-08 22:41:32 14748 [Note] Shutting down plugin 'INNODB_SYS_FIELDS'
2017-05-08 22:41:32 14748 [Note] Shutting down plugin 'INNODB_SYS_COLUMNS'
2017-05-08 22:41:32 14748 [Note] Shutting down plugin 'INNODB_SYS_INDEXES'
2017-05-08 22:41:32 14748 [Note] Shutting down plugin 'INNODB_SYS_TABLESTATS'
2017-05-08 22:41:32 14748 [Note] Shutting down plugin 'INNODB_SYS_TABLES'
2017-05-08 22:41:32 14748 [Note] Shutting down plugin 'INNODB_FT_INDEX_TABLE'
2017-05-08 22:41:32 14748 [Note] Shutting down plugin 'INNODB_FT_INDEX_CACHE'
2017-05-08 22:41:32 14748 [Note] Shutting down plugin 'INNODB_FT_CONFIG'
2017-05-08 22:41:32 14748 [Note] Shutting down plugin 'INNODB_FT_BEING_DELETED'
2017-05-08 22:41:32 14748 [Note] Shutting down plugin 'INNODB_FT_DELETED'
2017-05-08 22:41:32 14748 [Note] Shutting down plugin 'INNODB_FT_DEFAULT_STOPWORD'
2017-05-08 22:41:32 14748 [Note] Shutting down plugin 'INNODB_METRICS'
2017-05-08 22:41:32 14748 [Note] Shutting down plugin 'INNODB_BUFFER_POOL_STATS'
2017-05-08 22:41:32 14748 [Note] Shutting down plugin 'INNODB_BUFFER_PAGE_LRU'
2017-05-08 22:41:32 14748 [Note] Shutting down plugin 'INNODB_BUFFER_PAGE'
2017-05-08 22:41:32 14748 [Note] Shutting down plugin 'INNODB_CMP_PER_INDEX_RESET'
2017-05-08 22:41:32 14748 [Note] Shutting down plugin 'INNODB_CMP_PER_INDEX'
2017-05-08 22:41:32 14748 [Note] Shutting down plugin 'INNODB_CMPMEM_RESET'
2017-05-08 22:41:32 14748 [Note] Shutting down plugin 'INNODB_CMPMEM'
2017-05-08 22:41:32 14748 [Note] Shutting down plugin 'INNODB_CMP_RESET'
2017-05-08 22:41:32 14748 [Note] Shutting down plugin 'INNODB_CMP'
2017-05-08 22:41:32 14748 [Note] Shutting down plugin 'INNODB_LOCK_WAITS'
2017-05-08 22:41:32 14748 [Note] Shutting down plugin 'INNODB_LOCKS'
2017-05-08 22:41:32 14748 [Note] Shutting down plugin 'INNODB_TRX'
2017-05-08 22:41:32 14748 [Note] Shutting down plugin 'InnoDB'
2017-05-08 22:41:32 14748 [Note] InnoDB: FTS optimize thread exiting.
2017-05-08 22:41:32 14748 [Note] InnoDB: Starting shutdown...
2017-05-08 22:41:33 14748 [Note] InnoDB: Shutdown completed; log sequence number 1901797
2017-05-08 22:41:33 14748 [Note] Shutting down plugin 'BLACKHOLE'
2017-05-08 22:41:33 14748 [Note] Shutting down plugin 'ARCHIVE'
2017-05-08 22:41:33 14748 [Note] Shutting down plugin 'MRG_MYISAM'
2017-05-08 22:41:33 14748 [Note] Shutting down plugin 'MyISAM'
2017-05-08 22:41:33 14748 [Note] Shutting down plugin 'MEMORY'
2017-05-08 22:41:33 14748 [Note] Shutting down plugin 'CSV'
2017-05-08 22:41:33 14748 [Note] Shutting down plugin 'sha256_password'
2017-05-08 22:41:33 14748 [Note] Shutting down plugin 'mysql_old_password'
2017-05-08 22:41:33 14748 [Note] Shutting down plugin 'mysql_native_password'
2017-05-08 22:41:33 14748 [Note] Shutting down plugin 'binlog'
2017-05-08 22:41:33 14748 [Note] D:\School\ST\Vaje\8\USBWebserver v8.6/mysql/bin/mysqld_usbwv8.exe: Shutdown complete

2017-05-08 22:42:59 10772 [Note] Plugin 'FEDERATED' is disabled.
2017-05-08 22:42:59 10772 [Note] InnoDB: The InnoDB memory heap is disabled
2017-05-08 22:42:59 10772 [Note] InnoDB: Mutexes and rw_locks use Windows interlocked functions
2017-05-08 22:42:59 10772 [Note] InnoDB: Compressed tables use zlib 1.2.3
2017-05-08 22:42:59 10772 [Note] InnoDB: Not using CPU crc32 instructions
2017-05-08 22:42:59 10772 [Note] InnoDB: Initializing buffer pool, size = 128.0M
2017-05-08 22:42:59 10772 [Note] InnoDB: Completed initialization of buffer pool
2017-05-08 22:42:59 10772 [Note] InnoDB: Highest supported file format is Barracuda.
2017-05-08 22:43:00 10772 [Note] InnoDB: 128 rollback segment(s) are active.
2017-05-08 22:43:00 10772 [Note] InnoDB: Waiting for purge to start
2017-05-08 22:43:00 10772 [Note] InnoDB: 5.6.13 started; log sequence number 1901797
2017-05-08 22:43:00 10772 [Note] Server hostname (bind-address): '*'; port: 3307
2017-05-08 22:43:00 10772 [Note] IPv6 is available.
2017-05-08 22:43:00 10772 [Note]   - '::' resolves to '::';
2017-05-08 22:43:00 10772 [Note] Server socket created on IP: '::'.
2017-05-09 08:37:08 12132 [Note] Plugin 'FEDERATED' is disabled.
2017-05-09 08:37:09 12132 [Note] InnoDB: The InnoDB memory heap is disabled
2017-05-09 08:37:09 12132 [Note] InnoDB: Mutexes and rw_locks use Windows interlocked functions
2017-05-09 08:37:09 12132 [Note] InnoDB: Compressed tables use zlib 1.2.3
2017-05-09 08:37:09 12132 [Note] InnoDB: Not using CPU crc32 instructions
2017-05-09 08:37:09 12132 [Note] InnoDB: Initializing buffer pool, size = 128.0M
2017-05-09 08:37:09 12132 [Note] InnoDB: Completed initialization of buffer pool
2017-05-09 08:37:09 12132 [Note] InnoDB: Highest supported file format is Barracuda.
2017-05-09 08:37:09 12132 [Note] InnoDB: The log sequence numbers 1901797 and 1901797 in ibdata files do not match the log sequence number 1907367 in the ib_logfiles!
2017-05-09 08:37:09 12132 [Note] InnoDB: Database was not shutdown normally!
2017-05-09 08:37:09 12132 [Note] InnoDB: Starting crash recovery.
2017-05-09 08:37:09 12132 [Note] InnoDB: Reading tablespace information from the .ibd files...
2017-05-09 08:37:09 12132 [Note] InnoDB: Restoring possible half-written data pages 
2017-05-09 08:37:09 12132 [Note] InnoDB: from the doublewrite buffer...
2017-05-09 08:37:09 12132 [Note] InnoDB: 128 rollback segment(s) are active.
2017-05-09 08:37:09 12132 [Note] InnoDB: Waiting for purge to start
2017-05-09 08:37:09 12132 [Note] InnoDB: 5.6.13 started; log sequence number 1907367
2017-05-09 08:37:09 12132 [Note] Server hostname (bind-address): '*'; port: 3307
2017-05-09 08:37:09 12132 [Note] IPv6 is available.
2017-05-09 08:37:09 12132 [Note]   - '::' resolves to '::';
2017-05-09 08:37:09 12132 [Note] Server socket created on IP: '::'.
2017-05-09 08:56:28 5324 [Note] Plugin 'FEDERATED' is disabled.
2017-05-09 08:56:28 5324 [Note] InnoDB: The InnoDB memory heap is disabled
2017-05-09 08:56:28 5324 [Note] InnoDB: Mutexes and rw_locks use Windows interlocked functions
2017-05-09 08:56:28 5324 [Note] InnoDB: Compressed tables use zlib 1.2.3
2017-05-09 08:56:28 5324 [Note] InnoDB: Not using CPU crc32 instructions
2017-05-09 08:56:28 5324 [Note] InnoDB: Initializing buffer pool, size = 128.0M
2017-05-09 08:56:28 5324 [Note] InnoDB: Completed initialization of buffer pool
2017-05-09 08:56:28 5324 [Note] InnoDB: Highest supported file format is Barracuda.
2017-05-09 08:56:28 5324 [Note] InnoDB: The log sequence numbers 1901797 and 1901797 in ibdata files do not match the log sequence number 1907812 in the ib_logfiles!
2017-05-09 08:56:28 5324 [Note] InnoDB: Database was not shutdown normally!
2017-05-09 08:56:28 5324 [Note] InnoDB: Starting crash recovery.
2017-05-09 08:56:28 5324 [Note] InnoDB: Reading tablespace information from the .ibd files...
2017-05-09 08:56:28 5324 [Note] InnoDB: Restoring possible half-written data pages 
2017-05-09 08:56:28 5324 [Note] InnoDB: from the doublewrite buffer...
2017-05-09 08:56:29 5324 [Note] InnoDB: 128 rollback segment(s) are active.
2017-05-09 08:56:29 5324 [Note] InnoDB: Waiting for purge to start
2017-05-09 08:56:29 5324 [Note] InnoDB: 5.6.13 started; log sequence number 1907812
2017-05-09 08:56:29 5324 [Note] Server hostname (bind-address): '*'; port: 3307
2017-05-09 08:56:29 5324 [Note] IPv6 is available.
2017-05-09 08:56:29 5324 [Note]   - '::' resolves to '::';
2017-05-09 08:56:29 5324 [Note] Server socket created on IP: '::'.
2017-05-09 09:07:36 16060 [Note] Plugin 'FEDERATED' is disabled.
2017-05-09 09:07:36 16060 [Note] InnoDB: The InnoDB memory heap is disabled
2017-05-09 09:07:36 16060 [Note] InnoDB: Mutexes and rw_locks use Windows interlocked functions
2017-05-09 09:07:36 16060 [Note] InnoDB: Compressed tables use zlib 1.2.3
2017-05-09 09:07:36 16060 [Note] InnoDB: Not using CPU crc32 instructions
2017-05-09 09:07:36 16060 [Note] InnoDB: Initializing buffer pool, size = 128.0M
2017-05-09 09:07:36 16060 [Note] InnoDB: Completed initialization of buffer pool
2017-05-09 09:07:37 16060 [Note] InnoDB: Highest supported file format is Barracuda.
2017-05-09 09:07:37 16060 [Note] InnoDB: The log sequence numbers 1901797 and 1901797 in ibdata files do not match the log sequence number 1907822 in the ib_logfiles!
2017-05-09 09:07:37 16060 [Note] InnoDB: Database was not shutdown normally!
2017-05-09 09:07:37 16060 [Note] InnoDB: Starting crash recovery.
2017-05-09 09:07:37 16060 [Note] InnoDB: Reading tablespace information from the .ibd files...
2017-05-09 09:07:37 16060 [Note] InnoDB: Restoring possible half-written data pages 
2017-05-09 09:07:37 16060 [Note] InnoDB: from the doublewrite buffer...
2017-05-09 09:07:37 16060 [Note] InnoDB: 128 rollback segment(s) are active.
2017-05-09 09:07:37 16060 [Note] InnoDB: Waiting for purge to start
2017-05-09 09:07:38 16060 [Note] InnoDB: 5.6.13 started; log sequence number 1907822
2017-05-09 09:07:38 16060 [Note] Server hostname (bind-address): '*'; port: 3307
2017-05-09 09:07:38 16060 [Note] IPv6 is available.
2017-05-09 09:07:38 16060 [Note]   - '::' resolves to '::';
2017-05-09 09:07:38 16060 [Note] Server socket created on IP: '::'.
2017-05-09 09:07:38 16060 [Note] Event Scheduler: Loaded 0 events
2017-05-09 09:07:38 16060 [Note] D:\School\ST\Vaje\8\USBWebserver v8.6/mysql/bin/mysqld_usbwv8.exe: ready for connections.
Version: '5.6.13'  socket: ''  port: 3307  MySQL Community Server (GPL)
2017-05-09 09:16:02 3772 [Note] Plugin 'FEDERATED' is disabled.
2017-05-09 09:16:02 3772 [Note] InnoDB: The InnoDB memory heap is disabled
2017-05-09 09:16:02 3772 [Note] InnoDB: Mutexes and rw_locks use Windows interlocked functions
2017-05-09 09:16:02 3772 [Note] InnoDB: Compressed tables use zlib 1.2.3
2017-05-09 09:16:02 3772 [Note] InnoDB: Not using CPU crc32 instructions
2017-05-09 09:16:02 3772 [Note] InnoDB: Initializing buffer pool, size = 128.0M
2017-05-09 09:16:02 3772 [Note] InnoDB: Completed initialization of buffer pool
2017-05-09 09:16:02 3772 [Note] InnoDB: Highest supported file format is Barracuda.
2017-05-09 09:16:02 3772 [Note] InnoDB: The log sequence numbers 1901797 and 1901797 in ibdata files do not match the log sequence number 1907832 in the ib_logfiles!
2017-05-09 09:16:02 3772 [Note] InnoDB: Database was not shutdown normally!
2017-05-09 09:16:02 3772 [Note] InnoDB: Starting crash recovery.
2017-05-09 09:16:02 3772 [Note] InnoDB: Reading tablespace information from the .ibd files...
2017-05-09 09:16:02 3772 [Note] InnoDB: Restoring possible half-written data pages 
2017-05-09 09:16:02 3772 [Note] InnoDB: from the doublewrite buffer...
2017-05-09 09:16:03 3772 [Note] InnoDB: 128 rollback segment(s) are active.
2017-05-09 09:16:03 3772 [Note] InnoDB: Waiting for purge to start
2017-05-09 09:16:03 3772 [Note] InnoDB: 5.6.13 started; log sequence number 1907832
2017-05-09 09:16:03 3772 [Note] Server hostname (bind-address): '*'; port: 3307
2017-05-09 09:16:03 3772 [Note] IPv6 is available.
2017-05-09 09:16:03 3772 [Note]   - '::' resolves to '::';
2017-05-09 09:16:03 3772 [Note] Server socket created on IP: '::'.
2017-05-09 09:17:29 4396 [Note] Plugin 'FEDERATED' is disabled.
2017-05-09 09:17:29 4396 [Note] InnoDB: The InnoDB memory heap is disabled
2017-05-09 09:17:29 4396 [Note] InnoDB: Mutexes and rw_locks use Windows interlocked functions
2017-05-09 09:17:29 4396 [Note] InnoDB: Compressed tables use zlib 1.2.3
2017-05-09 09:17:29 4396 [Note] InnoDB: Not using CPU crc32 instructions
2017-05-09 09:17:29 4396 [Note] InnoDB: Initializing buffer pool, size = 128.0M
2017-05-09 09:17:29 4396 [Note] InnoDB: Completed initialization of buffer pool
2017-05-09 09:17:29 4396 [Note] InnoDB: Highest supported file format is Barracuda.
2017-05-09 09:17:29 4396 [Note] InnoDB: The log sequence numbers 1901797 and 1901797 in ibdata files do not match the log sequence number 1908277 in the ib_logfiles!
2017-05-09 09:17:29 4396 [Note] InnoDB: Database was not shutdown normally!
2017-05-09 09:17:29 4396 [Note] InnoDB: Starting crash recovery.
2017-05-09 09:17:29 4396 [Note] InnoDB: Reading tablespace information from the .ibd files...
2017-05-09 09:17:29 4396 [Note] InnoDB: Restoring possible half-written data pages 
2017-05-09 09:17:29 4396 [Note] InnoDB: from the doublewrite buffer...
2017-05-09 09:17:29 4396 [Note] InnoDB: 128 rollback segment(s) are active.
2017-05-09 09:17:29 4396 [Note] InnoDB: Waiting for purge to start
2017-05-09 09:17:29 4396 [Note] InnoDB: 5.6.13 started; log sequence number 1908277
2017-05-09 09:17:29 4396 [Note] Server hostname (bind-address): '*'; port: 3307
2017-05-09 09:17:29 4396 [Note] IPv6 is available.
2017-05-09 09:17:29 4396 [Note]   - '::' resolves to '::';
2017-05-09 09:17:29 4396 [Note] Server socket created on IP: '::'.
2017-05-09 09:23:40 13452 [Note] Plugin 'FEDERATED' is disabled.
2017-05-09 09:23:40 13452 [Note] InnoDB: The InnoDB memory heap is disabled
2017-05-09 09:23:40 13452 [Note] InnoDB: Mutexes and rw_locks use Windows interlocked functions
2017-05-09 09:23:40 13452 [Note] InnoDB: Compressed tables use zlib 1.2.3
2017-05-09 09:23:40 13452 [Note] InnoDB: Not using CPU crc32 instructions
2017-05-09 09:23:40 13452 [Note] InnoDB: Initializing buffer pool, size = 128.0M
2017-05-09 09:23:40 13452 [Note] InnoDB: Completed initialization of buffer pool
2017-05-09 09:23:40 13452 [Note] InnoDB: Highest supported file format is Barracuda.
2017-05-09 09:23:40 13452 [Note] InnoDB: The log sequence numbers 1901797 and 1901797 in ibdata files do not match the log sequence number 1908287 in the ib_logfiles!
2017-05-09 09:23:40 13452 [Note] InnoDB: Database was not shutdown normally!
2017-05-09 09:23:40 13452 [Note] InnoDB: Starting crash recovery.
2017-05-09 09:23:40 13452 [Note] InnoDB: Reading tablespace information from the .ibd files...
2017-05-09 09:23:40 13452 [Note] InnoDB: Restoring possible half-written data pages 
2017-05-09 09:23:40 13452 [Note] InnoDB: from the doublewrite buffer...
2017-05-09 09:23:40 13452 [Note] InnoDB: 128 rollback segment(s) are active.
2017-05-09 09:23:40 13452 [Note] InnoDB: Waiting for purge to start
2017-05-09 09:23:40 13452 [Note] InnoDB: 5.6.13 started; log sequence number 1908287
2017-05-09 09:23:40 13452 [Note] Server hostname (bind-address): '*'; port: 3307
2017-05-09 09:23:40 13452 [Note] IPv6 is available.
2017-05-09 09:23:40 13452 [Note]   - '::' resolves to '::';
2017-05-09 09:23:40 13452 [Note] Server socket created on IP: '::'.
2017-05-09 09:24:14 1060 [Note] Plugin 'FEDERATED' is disabled.
2017-05-09 09:24:14 1060 [Note] InnoDB: The InnoDB memory heap is disabled
2017-05-09 09:24:14 1060 [Note] InnoDB: Mutexes and rw_locks use Windows interlocked functions
2017-05-09 09:24:14 1060 [Note] InnoDB: Compressed tables use zlib 1.2.3
2017-05-09 09:24:14 1060 [Note] InnoDB: Not using CPU crc32 instructions
2017-05-09 09:24:14 1060 [Note] InnoDB: Initializing buffer pool, size = 128.0M
2017-05-09 09:24:14 1060 [Note] InnoDB: Completed initialization of buffer pool
2017-05-09 09:24:14 1060 [Note] InnoDB: Highest supported file format is Barracuda.
2017-05-09 09:24:14 1060 [Note] InnoDB: The log sequence numbers 1901797 and 1901797 in ibdata files do not match the log sequence number 1908297 in the ib_logfiles!
2017-05-09 09:24:14 1060 [Note] InnoDB: Database was not shutdown normally!
2017-05-09 09:24:14 1060 [Note] InnoDB: Starting crash recovery.
2017-05-09 09:24:14 1060 [Note] InnoDB: Reading tablespace information from the .ibd files...
2017-05-09 09:24:14 1060 [Note] InnoDB: Restoring possible half-written data pages 
2017-05-09 09:24:14 1060 [Note] InnoDB: from the doublewrite buffer...
2017-05-09 09:24:15 1060 [Note] InnoDB: 128 rollback segment(s) are active.
2017-05-09 09:24:15 1060 [Note] InnoDB: Waiting for purge to start
2017-05-09 09:24:15 1060 [Note] InnoDB: 5.6.13 started; log sequence number 1908297
2017-05-09 09:24:15 1060 [Note] Server hostname (bind-address): '*'; port: 3307
2017-05-09 09:24:15 1060 [Note] IPv6 is available.
2017-05-09 09:24:15 1060 [Note]   - '::' resolves to '::';
2017-05-09 09:24:15 1060 [Note] Server socket created on IP: '::'.
2017-05-09 09:24:28 6356 [Note] Plugin 'FEDERATED' is disabled.
2017-05-09 09:24:28 6356 [Note] InnoDB: The InnoDB memory heap is disabled
2017-05-09 09:24:28 6356 [Note] InnoDB: Mutexes and rw_locks use Windows interlocked functions
2017-05-09 09:24:28 6356 [Note] InnoDB: Compressed tables use zlib 1.2.3
2017-05-09 09:24:28 6356 [Note] InnoDB: Not using CPU crc32 instructions
2017-05-09 09:24:28 6356 [Note] InnoDB: Initializing buffer pool, size = 128.0M
2017-05-09 09:24:28 6356 [Note] InnoDB: Completed initialization of buffer pool
2017-05-09 09:24:28 6356 [ERROR] InnoDB: D:\School\ST\Vaje\8\USBWebserver v8.6\mysql\data\ibdata1 can't be opened in read-write mode
2017-05-09 09:24:28 6356 [ERROR] InnoDB: The system tablespace must be writable!
2017-05-09 09:24:28 6356 [ERROR] Plugin 'InnoDB' init function returned error.
2017-05-09 09:24:28 6356 [ERROR] Plugin 'InnoDB' registration as a STORAGE ENGINE failed.
2017-05-09 09:24:28 6356 [ERROR] Unknown/unsupported storage engine: InnoDB
2017-05-09 09:24:28 6356 [ERROR] Aborting

2017-05-09 09:24:28 6356 [Note] Binlog end
2017-05-09 09:24:28 6356 [Note] Shutting down plugin 'partition'
2017-05-09 09:24:28 6356 [Note] Shutting down plugin 'PERFORMANCE_SCHEMA'
2017-05-09 09:24:28 6356 [Note] Shutting down plugin 'INNODB_SYS_DATAFILES'
2017-05-09 09:24:28 6356 [Note] Shutting down plugin 'INNODB_SYS_TABLESPACES'
2017-05-09 09:24:28 6356 [Note] Shutting down plugin 'INNODB_SYS_FOREIGN_COLS'
2017-05-09 09:24:28 6356 [Note] Shutting down plugin 'INNODB_SYS_FOREIGN'
2017-05-09 09:24:28 6356 [Note] Shutting down plugin 'INNODB_SYS_FIELDS'
2017-05-09 09:24:28 6356 [Note] Shutting down plugin 'INNODB_SYS_COLUMNS'
2017-05-09 09:24:28 6356 [Note] Shutting down plugin 'INNODB_SYS_INDEXES'
2017-05-09 09:24:28 6356 [Note] Shutting down plugin 'INNODB_SYS_TABLESTATS'
2017-05-09 09:24:28 6356 [Note] Shutting down plugin 'INNODB_SYS_TABLES'
2017-05-09 09:24:28 6356 [Note] Shutting down plugin 'INNODB_FT_INDEX_TABLE'
2017-05-09 09:24:28 6356 [Note] Shutting down plugin 'INNODB_FT_INDEX_CACHE'
2017-05-09 09:24:28 6356 [Note] Shutting down plugin 'INNODB_FT_CONFIG'
2017-05-09 09:24:28 6356 [Note] Shutting down plugin 'INNODB_FT_BEING_DELETED'
2017-05-09 09:24:28 6356 [Note] Shutting down plugin 'INNODB_FT_DELETED'
2017-05-09 09:24:28 6356 [Note] Shutting down plugin 'INNODB_FT_DEFAULT_STOPWORD'
2017-05-09 09:24:28 6356 [Note] Shutting down plugin 'INNODB_METRICS'
2017-05-09 09:24:28 6356 [Note] Shutting down plugin 'INNODB_BUFFER_POOL_STATS'
2017-05-09 09:24:28 6356 [Note] Shutting down plugin 'INNODB_BUFFER_PAGE_LRU'
2017-05-09 09:24:28 6356 [Note] Shutting down plugin 'INNODB_BUFFER_PAGE'
2017-05-09 09:24:28 6356 [Note] Shutting down plugin 'INNODB_CMP_PER_INDEX_RESET'
2017-05-09 09:24:28 6356 [Note] Shutting down plugin 'INNODB_CMP_PER_INDEX'
2017-05-09 09:24:28 6356 [Note] Shutting down plugin 'INNODB_CMPMEM_RESET'
2017-05-09 09:24:28 6356 [Note] Shutting down plugin 'INNODB_CMPMEM'
2017-05-09 09:24:28 6356 [Note] Shutting down plugin 'INNODB_CMP_RESET'
2017-05-09 09:24:28 6356 [Note] Shutting down plugin 'INNODB_CMP'
2017-05-09 09:24:28 6356 [Note] Shutting down plugin 'INNODB_LOCK_WAITS'
2017-05-09 09:24:28 6356 [Note] Shutting down plugin 'INNODB_LOCKS'
2017-05-09 09:24:28 6356 [Note] Shutting down plugin 'INNODB_TRX'
2017-05-09 09:24:28 6356 [Note] Shutting down plugin 'BLACKHOLE'
2017-05-09 09:24:28 6356 [Note] Shutting down plugin 'ARCHIVE'
2017-05-09 09:24:28 6356 [Note] Shutting down plugin 'MRG_MYISAM'
2017-05-09 09:24:28 6356 [Note] Shutting down plugin 'MyISAM'
2017-05-09 09:24:28 6356 [Note] Shutting down plugin 'MEMORY'
2017-05-09 09:24:28 6356 [Note] Shutting down plugin 'CSV'
2017-05-09 09:24:28 6356 [Note] Shutting down plugin 'sha256_password'
2017-05-09 09:24:28 6356 [Note] Shutting down plugin 'mysql_old_password'
2017-05-09 09:24:28 6356 [Note] Shutting down plugin 'mysql_native_password'
2017-05-09 09:24:28 6356 [Note] Shutting down plugin 'binlog'
2017-05-09 09:24:28 6356 [Note] D:\School\ST\Vaje\8\USBWebserver v8.6/mysql/bin/mysqld_usbwv8.exe: Shutdown complete

2017-05-09 09:29:35 14396 [Note] Plugin 'FEDERATED' is disabled.
2017-05-09 09:29:35 14396 [Note] InnoDB: The InnoDB memory heap is disabled
2017-05-09 09:29:35 14396 [Note] InnoDB: Mutexes and rw_locks use Windows interlocked functions
2017-05-09 09:29:35 14396 [Note] InnoDB: Compressed tables use zlib 1.2.3
2017-05-09 09:29:35 14396 [Note] InnoDB: Not using CPU crc32 instructions
2017-05-09 09:29:35 14396 [Note] InnoDB: Initializing buffer pool, size = 128.0M
2017-05-09 09:29:35 14396 [Note] InnoDB: Completed initialization of buffer pool
2017-05-09 09:29:35 14396 [Note] InnoDB: Highest supported file format is Barracuda.
2017-05-09 09:29:35 14396 [Note] InnoDB: The log sequence numbers 1901797 and 1901797 in ibdata files do not match the log sequence number 1908307 in the ib_logfiles!
2017-05-09 09:29:35 14396 [Note] InnoDB: Database was not shutdown normally!
2017-05-09 09:29:35 14396 [Note] InnoDB: Starting crash recovery.
2017-05-09 09:29:35 14396 [Note] InnoDB: Reading tablespace information from the .ibd files...
2017-05-09 09:29:36 14396 [Note] InnoDB: Restoring possible half-written data pages 
2017-05-09 09:29:36 14396 [Note] InnoDB: from the doublewrite buffer...
2017-05-09 09:29:36 14396 [Note] InnoDB: 128 rollback segment(s) are active.
2017-05-09 09:29:36 14396 [Note] InnoDB: Waiting for purge to start
2017-05-09 09:29:36 14396 [Note] InnoDB: 5.6.13 started; log sequence number 1908307
2017-05-09 09:29:36 14396 [Note] Server hostname (bind-address): '*'; port: 3307
2017-05-09 09:29:36 14396 [Note] IPv6 is available.
2017-05-09 09:29:36 14396 [Note]   - '::' resolves to '::';
2017-05-09 09:29:36 14396 [Note] Server socket created on IP: '::'.
2017-05-16 08:37:52 5748 [Note] Plugin 'FEDERATED' is disabled.
2017-05-16 08:37:52 5748 [Note] InnoDB: The InnoDB memory heap is disabled
2017-05-16 08:37:52 5748 [Note] InnoDB: Mutexes and rw_locks use Windows interlocked functions
2017-05-16 08:37:52 5748 [Note] InnoDB: Compressed tables use zlib 1.2.3
2017-05-16 08:37:52 5748 [Note] InnoDB: Not using CPU crc32 instructions
2017-05-16 08:37:52 5748 [Note] InnoDB: Initializing buffer pool, size = 128.0M
2017-05-16 08:37:52 5748 [Note] InnoDB: Completed initialization of buffer pool
2017-05-16 08:37:52 5748 [Note] InnoDB: Highest supported file format is Barracuda.
2017-05-16 08:37:52 5748 [Note] InnoDB: The log sequence numbers 1901797 and 1901797 in ibdata files do not match the log sequence number 1908317 in the ib_logfiles!
2017-05-16 08:37:52 5748 [Note] InnoDB: Database was not shutdown normally!
2017-05-16 08:37:52 5748 [Note] InnoDB: Starting crash recovery.
2017-05-16 08:37:52 5748 [Note] InnoDB: Reading tablespace information from the .ibd files...
2017-05-16 08:37:52 5748 [Note] InnoDB: Restoring possible half-written data pages 
2017-05-16 08:37:52 5748 [Note] InnoDB: from the doublewrite buffer...
2017-05-16 08:37:53 5748 [Note] InnoDB: 128 rollback segment(s) are active.
2017-05-16 08:37:53 5748 [Note] InnoDB: Waiting for purge to start
2017-05-16 08:37:53 5748 [Note] InnoDB: 5.6.13 started; log sequence number 1908317
2017-05-16 08:37:53 5748 [Note] Server hostname (bind-address): '*'; port: 3307
2017-05-16 08:37:53 5748 [Note] IPv6 is available.
2017-05-16 08:37:53 5748 [Note]   - '::' resolves to '::';
2017-05-16 08:37:53 5748 [Note] Server socket created on IP: '::'.
2017-05-25 10:54:58 7272 [Note] Plugin 'FEDERATED' is disabled.
2017-05-25 10:54:58 7272 [Note] InnoDB: The InnoDB memory heap is disabled
2017-05-25 10:54:58 7272 [Note] InnoDB: Mutexes and rw_locks use Windows interlocked functions
2017-05-25 10:54:58 7272 [Note] InnoDB: Compressed tables use zlib 1.2.3
2017-05-25 10:54:58 7272 [Note] InnoDB: Not using CPU crc32 instructions
2017-05-25 10:54:58 7272 [Note] InnoDB: Initializing buffer pool, size = 128.0M
2017-05-25 10:54:58 7272 [Note] InnoDB: Completed initialization of buffer pool
2017-05-25 10:54:58 7272 [Note] InnoDB: Highest supported file format is Barracuda.
2017-05-25 10:54:58 7272 [Note] InnoDB: The log sequence numbers 1901797 and 1901797 in ibdata files do not match the log sequence number 1939886 in the ib_logfiles!
2017-05-25 10:54:58 7272 [Note] InnoDB: Database was not shutdown normally!
2017-05-25 10:54:58 7272 [Note] InnoDB: Starting crash recovery.
2017-05-25 10:54:58 7272 [Note] InnoDB: Reading tablespace information from the .ibd files...
2017-05-25 10:54:58 7272 [Note] InnoDB: Restoring possible half-written data pages 
2017-05-25 10:54:58 7272 [Note] InnoDB: from the doublewrite buffer...
2017-05-25 10:54:59 7272 [Note] InnoDB: 128 rollback segment(s) are active.
2017-05-25 10:54:59 7272 [Note] InnoDB: Waiting for purge to start
2017-05-25 10:55:00 7272 [Note] InnoDB: 5.6.13 started; log sequence number 1939886
2017-05-25 10:55:00 7272 [Note] Server hostname (bind-address): '*'; port: 3307
2017-05-25 10:55:00 7272 [Note] IPv6 is available.
2017-05-25 10:55:00 7272 [Note]   - '::' resolves to '::';
2017-05-25 10:55:00 7272 [Note] Server socket created on IP: '::'.
2017-05-29 17:23:32 14976 [Note] Plugin 'FEDERATED' is disabled.
2017-05-29 17:23:32 14976 [Note] InnoDB: The InnoDB memory heap is disabled
2017-05-29 17:23:32 14976 [Note] InnoDB: Mutexes and rw_locks use Windows interlocked functions
2017-05-29 17:23:32 14976 [Note] InnoDB: Compressed tables use zlib 1.2.3
2017-05-29 17:23:32 14976 [Note] InnoDB: Not using CPU crc32 instructions
2017-05-29 17:23:32 14976 [Note] InnoDB: Initializing buffer pool, size = 128.0M
2017-05-29 17:23:32 14976 [Note] InnoDB: Completed initialization of buffer pool
2017-05-29 17:23:32 14976 [Note] InnoDB: Highest supported file format is Barracuda.
2017-05-29 17:23:32 14976 [Note] InnoDB: The log sequence numbers 1901797 and 1901797 in ibdata files do not match the log sequence number 2311497 in the ib_logfiles!
2017-05-29 17:23:32 14976 [Note] InnoDB: Database was not shutdown normally!
2017-05-29 17:23:32 14976 [Note] InnoDB: Starting crash recovery.
2017-05-29 17:23:32 14976 [Note] InnoDB: Reading tablespace information from the .ibd files...
2017-05-29 17:23:32 14976 [Note] InnoDB: Restoring possible half-written data pages 
2017-05-29 17:23:32 14976 [Note] InnoDB: from the doublewrite buffer...
2017-05-29 17:23:35 14976 [Note] InnoDB: 128 rollback segment(s) are active.
2017-05-29 17:23:35 14976 [Note] InnoDB: Waiting for purge to start
2017-05-29 17:23:35 14976 [Note] InnoDB: 5.6.13 started; log sequence number 2311497
2017-05-29 17:23:35 14976 [Note] Server hostname (bind-address): '*'; port: 3307
2017-05-29 17:23:35 14976 [Note] IPv6 is available.
2017-05-29 17:23:35 14976 [Note]   - '::' resolves to '::';
2017-05-29 17:23:35 14976 [Note] Server socket created on IP: '::'.
2017-05-29 17:23:37 14976 [Note] Event Scheduler: Loaded 0 events
2017-05-29 17:23:37 14976 [Note] D:\School\ST\Domaca naloga\3\USBWebserver v8.6/mysql/bin/mysqld_usbwv8.exe: ready for connections.
Version: '5.6.13'  socket: ''  port: 3307  MySQL Community Server (GPL)
2017-05-29 19:35:10 20244 [Note] Plugin 'FEDERATED' is disabled.
2017-05-29 19:35:10 20244 [Note] InnoDB: The InnoDB memory heap is disabled
2017-05-29 19:35:10 20244 [Note] InnoDB: Mutexes and rw_locks use Windows interlocked functions
2017-05-29 19:35:10 20244 [Note] InnoDB: Compressed tables use zlib 1.2.3
2017-05-29 19:35:10 20244 [Note] InnoDB: Not using CPU crc32 instructions
2017-05-29 19:35:10 20244 [Note] InnoDB: Initializing buffer pool, size = 128.0M
2017-05-29 19:35:10 20244 [Note] InnoDB: Completed initialization of buffer pool
2017-05-29 19:35:10 20244 [Note] InnoDB: Highest supported file format is Barracuda.
2017-05-29 19:35:10 20244 [Note] InnoDB: The log sequence numbers 1901797 and 1901797 in ibdata files do not match the log sequence number 2311507 in the ib_logfiles!
2017-05-29 19:35:10 20244 [Note] InnoDB: Database was not shutdown normally!
2017-05-29 19:35:10 20244 [Note] InnoDB: Starting crash recovery.
2017-05-29 19:35:10 20244 [Note] InnoDB: Reading tablespace information from the .ibd files...
2017-05-29 19:35:10 20244 [Note] InnoDB: Restoring possible half-written data pages 
2017-05-29 19:35:10 20244 [Note] InnoDB: from the doublewrite buffer...
2017-05-29 19:35:10 20244 [Note] InnoDB: 128 rollback segment(s) are active.
2017-05-29 19:35:10 20244 [Note] InnoDB: Waiting for purge to start
2017-05-29 19:35:11 20244 [Note] InnoDB: 5.6.13 started; log sequence number 2311507
2017-05-29 19:35:11 20244 [Note] Server hostname (bind-address): '*'; port: 3307
2017-05-29 19:35:11 20244 [Note] IPv6 is available.
2017-05-29 19:35:11 20244 [Note]   - '::' resolves to '::';
2017-05-29 19:35:11 20244 [Note] Server socket created on IP: '::'.
2017-05-30 08:46:42 9564 [Note] Plugin 'FEDERATED' is disabled.
2017-05-30 08:46:42 9564 [Note] InnoDB: The InnoDB memory heap is disabled
2017-05-30 08:46:42 9564 [Note] InnoDB: Mutexes and rw_locks use Windows interlocked functions
2017-05-30 08:46:42 9564 [Note] InnoDB: Compressed tables use zlib 1.2.3
2017-05-30 08:46:42 9564 [Note] InnoDB: Not using CPU crc32 instructions
2017-05-30 08:46:42 9564 [Note] InnoDB: Initializing buffer pool, size = 128.0M
2017-05-30 08:46:42 9564 [Note] InnoDB: Completed initialization of buffer pool
2017-05-30 08:46:42 9564 [Note] InnoDB: Highest supported file format is Barracuda.
2017-05-30 08:46:42 9564 [Note] InnoDB: The log sequence numbers 1901797 and 1901797 in ibdata files do not match the log sequence number 2311517 in the ib_logfiles!
2017-05-30 08:46:42 9564 [Note] InnoDB: Database was not shutdown normally!
2017-05-30 08:46:42 9564 [Note] InnoDB: Starting crash recovery.
2017-05-30 08:46:42 9564 [Note] InnoDB: Reading tablespace information from the .ibd files...
2017-05-30 08:46:42 9564 [Note] InnoDB: Restoring possible half-written data pages 
2017-05-30 08:46:42 9564 [Note] InnoDB: from the doublewrite buffer...
2017-05-30 08:46:43 9564 [Note] InnoDB: 128 rollback segment(s) are active.
2017-05-30 08:46:43 9564 [Note] InnoDB: Waiting for purge to start
2017-05-30 08:46:43 9564 [Note] InnoDB: 5.6.13 started; log sequence number 2311517
2017-05-30 08:46:43 9564 [Note] Server hostname (bind-address): '*'; port: 3307
2017-05-30 08:46:43 9564 [Note] IPv6 is available.
2017-05-30 08:46:43 9564 [Note]   - '::' resolves to '::';
2017-05-30 08:46:43 9564 [Note] Server socket created on IP: '::'.
2017-05-30 17:54:46 24824 [Note] Plugin 'FEDERATED' is disabled.
2017-05-30 17:54:46 24824 [Note] InnoDB: The InnoDB memory heap is disabled
2017-05-30 17:54:46 24824 [Note] InnoDB: Mutexes and rw_locks use Windows interlocked functions
2017-05-30 17:54:46 24824 [Note] InnoDB: Compressed tables use zlib 1.2.3
2017-05-30 17:54:46 24824 [Note] InnoDB: Not using CPU crc32 instructions
2017-05-30 17:54:46 24824 [Note] InnoDB: Initializing buffer pool, size = 128.0M
2017-05-30 17:54:46 24824 [Note] InnoDB: Completed initialization of buffer pool
2017-05-30 17:54:46 24824 [Note] InnoDB: Highest supported file format is Barracuda.
2017-05-30 17:54:46 24824 [Note] InnoDB: The log sequence numbers 1901797 and 1901797 in ibdata files do not match the log sequence number 2311527 in the ib_logfiles!
2017-05-30 17:54:46 24824 [Note] InnoDB: Database was not shutdown normally!
2017-05-30 17:54:46 24824 [Note] InnoDB: Starting crash recovery.
2017-05-30 17:54:46 24824 [Note] InnoDB: Reading tablespace information from the .ibd files...
2017-05-30 17:54:46 24824 [Note] InnoDB: Restoring possible half-written data pages 
2017-05-30 17:54:46 24824 [Note] InnoDB: from the doublewrite buffer...
2017-05-30 17:54:49 24824 [Note] InnoDB: 128 rollback segment(s) are active.
2017-05-30 17:54:49 24824 [Note] InnoDB: Waiting for purge to start
2017-05-30 17:54:49 24824 [Note] InnoDB: 5.6.13 started; log sequence number 2311527
2017-05-30 17:54:49 24824 [Note] Server hostname (bind-address): '*'; port: 3307
2017-05-30 17:54:49 24824 [Note] IPv6 is available.
2017-05-30 17:54:49 24824 [Note]   - '::' resolves to '::';
2017-05-30 17:54:49 24824 [Note] Server socket created on IP: '::'.
2017-05-31 11:17:06 22760 [Note] Plugin 'FEDERATED' is disabled.
2017-05-31 11:17:06 22760 [Note] InnoDB: The InnoDB memory heap is disabled
2017-05-31 11:17:06 22760 [Note] InnoDB: Mutexes and rw_locks use Windows interlocked functions
2017-05-31 11:17:06 22760 [Note] InnoDB: Compressed tables use zlib 1.2.3
2017-05-31 11:17:06 22760 [Note] InnoDB: Not using CPU crc32 instructions
2017-05-31 11:17:06 22760 [Note] InnoDB: Initializing buffer pool, size = 128.0M
2017-05-31 11:17:06 22760 [Note] InnoDB: Completed initialization of buffer pool
2017-05-31 11:17:06 22760 [Note] InnoDB: Highest supported file format is Barracuda.
2017-05-31 11:17:06 22760 [Note] InnoDB: The log sequence numbers 1901797 and 1901797 in ibdata files do not match the log sequence number 2349304 in the ib_logfiles!
2017-05-31 11:17:06 22760 [Note] InnoDB: Database was not shutdown normally!
2017-05-31 11:17:06 22760 [Note] InnoDB: Starting crash recovery.
2017-05-31 11:17:06 22760 [Note] InnoDB: Reading tablespace information from the .ibd files...
2017-05-31 11:17:07 22760 [Note] InnoDB: Restoring possible half-written data pages 
2017-05-31 11:17:07 22760 [Note] InnoDB: from the doublewrite buffer...
2017-05-31 11:17:07 22760 [Note] InnoDB: 128 rollback segment(s) are active.
2017-05-31 11:17:07 22760 [Note] InnoDB: Waiting for purge to start
2017-05-31 11:17:07 22760 [Note] InnoDB: 5.6.13 started; log sequence number 2349304
2017-05-31 11:17:07 22760 [Note] Server hostname (bind-address): '*'; port: 3307
2017-05-31 11:17:07 22760 [Note] IPv6 is available.
2017-05-31 11:17:07 22760 [Note]   - '::' resolves to '::';
2017-05-31 11:17:07 22760 [Note] Server socket created on IP: '::'.
2017-06-02 10:58:01 16572 [Note] Plugin 'FEDERATED' is disabled.
2017-06-02 10:58:01 16572 [Note] InnoDB: The InnoDB memory heap is disabled
2017-06-02 10:58:01 16572 [Note] InnoDB: Mutexes and rw_locks use Windows interlocked functions
2017-06-02 10:58:01 16572 [Note] InnoDB: Compressed tables use zlib 1.2.3
2017-06-02 10:58:01 16572 [Note] InnoDB: Not using CPU crc32 instructions
2017-06-02 10:58:01 16572 [Note] InnoDB: Initializing buffer pool, size = 128.0M
2017-06-02 10:58:01 16572 [Note] InnoDB: Completed initialization of buffer pool
2017-06-02 10:58:01 16572 [Note] InnoDB: Highest supported file format is Barracuda.
2017-06-02 10:58:01 16572 [Note] InnoDB: The log sequence numbers 1901797 and 1901797 in ibdata files do not match the log sequence number 2434985 in the ib_logfiles!
2017-06-02 10:58:01 16572 [Note] InnoDB: Database was not shutdown normally!
2017-06-02 10:58:01 16572 [Note] InnoDB: Starting crash recovery.
2017-06-02 10:58:01 16572 [Note] InnoDB: Reading tablespace information from the .ibd files...
2017-06-02 10:58:01 16572 [Note] InnoDB: Restoring possible half-written data pages 
2017-06-02 10:58:01 16572 [Note] InnoDB: from the doublewrite buffer...
2017-06-02 10:58:04 16572 [Note] InnoDB: 128 rollback segment(s) are active.
2017-06-02 10:58:04 16572 [Note] InnoDB: Waiting for purge to start
2017-06-02 10:58:04 16572 [Note] InnoDB: 5.6.13 started; log sequence number 2434985
2017-06-02 10:58:04 16572 [Note] Server hostname (bind-address): '*'; port: 3307
2017-06-02 10:58:04 16572 [Note] IPv6 is available.
2017-06-02 10:58:04 16572 [Note]   - '::' resolves to '::';
2017-06-02 10:58:04 16572 [Note] Server socket created on IP: '::'.
2017-06-02 12:44:15 8400 [Note] Plugin 'FEDERATED' is disabled.
2017-06-02 12:44:15 8400 [Note] InnoDB: The InnoDB memory heap is disabled
2017-06-02 12:44:15 8400 [Note] InnoDB: Mutexes and rw_locks use Windows interlocked functions
2017-06-02 12:44:15 8400 [Note] InnoDB: Compressed tables use zlib 1.2.3
2017-06-02 12:44:15 8400 [Note] InnoDB: Not using CPU crc32 instructions
2017-06-02 12:44:15 8400 [Note] InnoDB: Initializing buffer pool, size = 128.0M
2017-06-02 12:44:15 8400 [Note] InnoDB: Completed initialization of buffer pool
2017-06-02 12:44:15 8400 [Note] InnoDB: Highest supported file format is Barracuda.
2017-06-02 12:44:15 8400 [Note] InnoDB: The log sequence numbers 1901797 and 1901797 in ibdata files do not match the log sequence number 2435221 in the ib_logfiles!
2017-06-02 12:44:15 8400 [Note] InnoDB: Database was not shutdown normally!
2017-06-02 12:44:15 8400 [Note] InnoDB: Starting crash recovery.
2017-06-02 12:44:15 8400 [Note] InnoDB: Reading tablespace information from the .ibd files...
2017-06-02 12:44:15 8400 [Note] InnoDB: Restoring possible half-written data pages 
2017-06-02 12:44:15 8400 [Note] InnoDB: from the doublewrite buffer...
2017-06-02 12:44:16 8400 [Note] InnoDB: 128 rollback segment(s) are active.
2017-06-02 12:44:16 8400 [Note] InnoDB: Waiting for purge to start
2017-06-02 12:44:16 8400 [Note] InnoDB: 5.6.13 started; log sequence number 2435221
2017-06-02 12:44:16 8400 [Note] Server hostname (bind-address): '*'; port: 3307
2017-06-02 12:44:16 8400 [Note] IPv6 is available.
2017-06-02 12:44:16 8400 [Note]   - '::' resolves to '::';
2017-06-02 12:44:16 8400 [Note] Server socket created on IP: '::'.
2017-06-05 09:59:18 8552 [Note] Plugin 'FEDERATED' is disabled.
2017-06-05 09:59:18 8552 [Note] InnoDB: The InnoDB memory heap is disabled
2017-06-05 09:59:18 8552 [Note] InnoDB: Mutexes and rw_locks use Windows interlocked functions
2017-06-05 09:59:18 8552 [Note] InnoDB: Compressed tables use zlib 1.2.3
2017-06-05 09:59:18 8552 [Note] InnoDB: Not using CPU crc32 instructions
2017-06-05 09:59:18 8552 [Note] InnoDB: Initializing buffer pool, size = 128.0M
2017-06-05 09:59:18 8552 [Note] InnoDB: Completed initialization of buffer pool
2017-06-05 09:59:18 8552 [Note] InnoDB: Highest supported file format is Barracuda.
2017-06-05 09:59:18 8552 [Note] InnoDB: The log sequence numbers 1901797 and 1901797 in ibdata files do not match the log sequence number 2435231 in the ib_logfiles!
2017-06-05 09:59:18 8552 [Note] InnoDB: Database was not shutdown normally!
2017-06-05 09:59:18 8552 [Note] InnoDB: Starting crash recovery.
2017-06-05 09:59:18 8552 [Note] InnoDB: Reading tablespace information from the .ibd files...
2017-06-05 09:59:18 8552 [Note] InnoDB: Restoring possible half-written data pages 
2017-06-05 09:59:18 8552 [Note] InnoDB: from the doublewrite buffer...
2017-06-05 09:59:19 8552 [Note] InnoDB: 128 rollback segment(s) are active.
2017-06-05 09:59:19 8552 [Note] InnoDB: Waiting for purge to start
2017-06-05 09:59:19 8552 [Note] InnoDB: 5.6.13 started; log sequence number 2435231
2017-06-05 09:59:19 8552 [Note] Server hostname (bind-address): '*'; port: 3307
2017-06-05 09:59:19 8552 [Note] IPv6 is available.
2017-06-05 09:59:19 8552 [Note]   - '::' resolves to '::';
2017-06-05 09:59:19 8552 [Note] Server socket created on IP: '::'.
2017-06-06 08:36:37 3136 [Note] Plugin 'FEDERATED' is disabled.
2017-06-06 08:36:37 3136 [Note] InnoDB: The InnoDB memory heap is disabled
2017-06-06 08:36:37 3136 [Note] InnoDB: Mutexes and rw_locks use Windows interlocked functions
2017-06-06 08:36:37 3136 [Note] InnoDB: Compressed tables use zlib 1.2.3
2017-06-06 08:36:37 3136 [Note] InnoDB: Not using CPU crc32 instructions
2017-06-06 08:36:37 3136 [Note] InnoDB: Initializing buffer pool, size = 128.0M
2017-06-06 08:36:37 3136 [Note] InnoDB: Completed initialization of buffer pool
2017-06-06 08:36:37 3136 [Note] InnoDB: Highest supported file format is Barracuda.
2017-06-06 08:36:37 3136 [Note] InnoDB: The log sequence numbers 1901797 and 1901797 in ibdata files do not match the log sequence number 2435664 in the ib_logfiles!
2017-06-06 08:36:37 3136 [Note] InnoDB: Database was not shutdown normally!
2017-06-06 08:36:37 3136 [Note] InnoDB: Starting crash recovery.
2017-06-06 08:36:37 3136 [Note] InnoDB: Reading tablespace information from the .ibd files...
2017-06-06 08:36:37 3136 [Note] InnoDB: Restoring possible half-written data pages 
2017-06-06 08:36:37 3136 [Note] InnoDB: from the doublewrite buffer...
2017-06-06 08:36:39 3136 [Note] InnoDB: 128 rollback segment(s) are active.
2017-06-06 08:36:40 3136 [Note] InnoDB: Waiting for purge to start
2017-06-06 08:36:40 3136 [Note] InnoDB: 5.6.13 started; log sequence number 2435664
2017-06-06 08:36:40 3136 [Note] Server hostname (bind-address): '*'; port: 3307
2017-06-06 08:36:40 3136 [Note] IPv6 is available.
2017-06-06 08:36:40 3136 [Note]   - '::' resolves to '::';
2017-06-06 08:36:40 3136 [Note] Server socket created on IP: '::'.
2017-06-06 08:36:42 3136 [Note] Event Scheduler: Loaded 0 events
2017-06-06 08:36:42 3136 [Note] D:\School\ST\Domaca naloga\3\USBWebserver v8.6/mysql/bin/mysqld_usbwv8.exe: ready for connections.
Version: '5.6.13'  socket: ''  port: 3307  MySQL Community Server (GPL)
